mode: atomic
binance-redis-streamer/internal/models/trade.go:31.58,32.13 1 0
binance-redis-streamer/internal/models/trade.go:32.13,35.3 1 0
binance-redis-streamer/internal/models/trade.go:37.2,43.50 3 0
binance-redis-streamer/internal/models/trade.go:43.50,45.3 1 0
binance-redis-streamer/internal/models/trade.go:47.2,47.13 1 0
binance-redis-streamer/internal/models/trade.go:47.13,51.3 1 0
binance-redis-streamer/internal/models/trade.go:53.2,54.12 2 0
binance-redis-streamer/internal/models/trade.go:58.46,60.2 1 0
binance-redis-streamer/internal/models/trade.go:89.42,99.2 1 0
binance-redis-streamer/internal/models/trade.go:113.45,123.2 1 2
binance-redis-streamer/internal/models/trade.go:126.48,127.23 1 4
binance-redis-streamer/internal/models/trade.go:127.23,129.3 1 2
binance-redis-streamer/internal/models/trade.go:130.2,130.52 1 4
binance-redis-streamer/internal/models/trade.go:130.52,132.3 1 3
binance-redis-streamer/internal/models/trade.go:133.2,133.50 1 4
binance-redis-streamer/internal/models/trade.go:133.50,135.3 1 3
binance-redis-streamer/internal/models/trade.go:136.2,144.16 6 4
binance-redis-streamer/internal/models/trade.go:148.39,158.2 1 0
binance-redis-streamer/pkg/config/config.go:46.30,69.2 1 5
binance-redis-streamer/pkg/config/config.go:72.55,73.42 1 5
binance-redis-streamer/pkg/config/config.go:73.42,75.3 1 0
binance-redis-streamer/pkg/config/config.go:76.2,76.21 1 5
binance-redis-streamer/pkg/config/config.go:80.35,81.34 1 4
binance-redis-streamer/pkg/config/config.go:81.34,83.3 1 1
binance-redis-streamer/pkg/config/config.go:84.2,84.34 1 3
binance-redis-streamer/pkg/config/config.go:84.34,86.3 1 1
binance-redis-streamer/pkg/config/config.go:87.2,87.33 1 2
binance-redis-streamer/pkg/config/config.go:87.33,89.3 1 1
binance-redis-streamer/pkg/config/config.go:90.2,90.12 1 1
binance-redis-streamer/pkg/binance/client.go:34.70,41.2 1 2
binance-redis-streamer/pkg/binance/client.go:44.74,52.2 1 0
binance-redis-streamer/pkg/binance/client.go:55.68,56.13 1 1
binance-redis-streamer/pkg/binance/client.go:56.13,58.3 1 0
binance-redis-streamer/pkg/binance/client.go:61.2,61.111 1 1
binance-redis-streamer/pkg/binance/client.go:61.111,63.50 2 0
binance-redis-streamer/pkg/binance/client.go:63.50,65.4 1 0
binance-redis-streamer/pkg/binance/client.go:66.3,66.14 1 0
binance-redis-streamer/pkg/binance/client.go:66.14,68.4 1 0
binance-redis-streamer/pkg/binance/client.go:69.3,69.22 1 0
binance-redis-streamer/pkg/binance/client.go:73.2,75.16 3 1
binance-redis-streamer/pkg/binance/client.go:75.16,77.3 1 0
binance-redis-streamer/pkg/binance/client.go:80.2,81.41 2 1
binance-redis-streamer/pkg/binance/client.go:81.41,83.17 2 1
binance-redis-streamer/pkg/binance/client.go:83.17,85.4 1 0
binance-redis-streamer/pkg/binance/client.go:89.2,90.49 2 1
binance-redis-streamer/pkg/binance/client.go:90.49,92.3 1 2
binance-redis-streamer/pkg/binance/client.go:95.2,96.24 2 1
binance-redis-streamer/pkg/binance/client.go:96.24,97.44 1 1
binance-redis-streamer/pkg/binance/client.go:97.44,100.90 2 2
binance-redis-streamer/pkg/binance/client.go:100.90,101.13 1 2
binance-redis-streamer/pkg/binance/client.go:105.4,105.43 1 0
binance-redis-streamer/pkg/binance/client.go:105.43,107.60 2 0
binance-redis-streamer/pkg/binance/client.go:107.60,108.14 1 0
binance-redis-streamer/pkg/binance/client.go:113.4,113.52 1 0
binance-redis-streamer/pkg/binance/client.go:113.52,115.5 1 0
binance-redis-streamer/pkg/binance/client.go:115.10,116.10 1 0
binance-redis-streamer/pkg/binance/client.go:122.2,123.32 2 1
binance-redis-streamer/pkg/binance/client.go:123.32,125.3 1 2
binance-redis-streamer/pkg/binance/client.go:127.2,127.23 1 1
binance-redis-streamer/pkg/binance/client.go:127.23,129.3 1 0
binance-redis-streamer/pkg/binance/client.go:131.2,131.13 1 1
binance-redis-streamer/pkg/binance/client.go:131.13,133.3 1 0
binance-redis-streamer/pkg/binance/client.go:134.2,134.21 1 1
binance-redis-streamer/pkg/binance/client.go:138.99,140.16 2 1
binance-redis-streamer/pkg/binance/client.go:140.16,142.3 1 0
binance-redis-streamer/pkg/binance/client.go:144.2,145.16 2 1
binance-redis-streamer/pkg/binance/client.go:145.16,147.3 1 0
binance-redis-streamer/pkg/binance/client.go:148.2,151.16 3 1
binance-redis-streamer/pkg/binance/client.go:151.16,153.3 1 0
binance-redis-streamer/pkg/binance/client.go:155.2,155.38 1 1
binance-redis-streamer/pkg/binance/client.go:155.38,157.3 1 0
binance-redis-streamer/pkg/binance/client.go:159.2,160.60 2 1
binance-redis-streamer/pkg/binance/client.go:160.60,162.3 1 0
binance-redis-streamer/pkg/binance/client.go:164.2,164.27 1 1
binance-redis-streamer/pkg/binance/client.go:168.82,172.16 3 1
binance-redis-streamer/pkg/binance/client.go:172.16,174.3 1 0
binance-redis-streamer/pkg/binance/client.go:176.2,177.16 2 1
binance-redis-streamer/pkg/binance/client.go:177.16,179.3 1 0
binance-redis-streamer/pkg/binance/client.go:180.2,187.68 3 1
binance-redis-streamer/pkg/binance/client.go:187.68,189.3 1 0
binance-redis-streamer/pkg/binance/client.go:191.2,192.33 2 1
binance-redis-streamer/pkg/binance/client.go:192.33,194.17 2 2
binance-redis-streamer/pkg/binance/client.go:194.17,196.12 2 0
binance-redis-streamer/pkg/binance/client.go:198.3,198.54 1 2
binance-redis-streamer/pkg/binance/client.go:201.2,201.24 1 1
binance-redis-streamer/pkg/binance/client.go:205.58,207.16 2 0
binance-redis-streamer/pkg/binance/client.go:207.16,212.3 3 0
binance-redis-streamer/pkg/binance/client.go:214.2,214.23 1 0
binance-redis-streamer/pkg/binance/client.go:214.23,218.3 3 0
binance-redis-streamer/pkg/binance/client.go:220.2,224.72 3 0
binance-redis-streamer/pkg/binance/client.go:224.72,226.25 2 0
binance-redis-streamer/pkg/binance/client.go:226.25,228.4 1 0
binance-redis-streamer/pkg/binance/client.go:230.3,232.29 3 0
binance-redis-streamer/pkg/binance/client.go:232.29,234.60 2 0
binance-redis-streamer/pkg/binance/client.go:234.60,235.12 1 0
binance-redis-streamer/pkg/binance/client.go:236.25,236.25 0 0
binance-redis-streamer/pkg/binance/client.go:237.13,237.13 0 0
binance-redis-streamer/pkg/binance/client.go:244.2,244.12 1 0
binance-redis-streamer/pkg/binance/client.go:244.12,247.3 2 0
binance-redis-streamer/pkg/binance/client.go:249.2,249.9 1 0
binance-redis-streamer/pkg/binance/client.go:250.24,251.17 1 0
binance-redis-streamer/pkg/binance/client.go:251.17,255.4 3 0
binance-redis-streamer/pkg/binance/client.go:256.20,257.19 1 0
binance-redis-streamer/pkg/binance/client.go:260.2,260.12 1 0
binance-redis-streamer/pkg/binance/client.go:263.81,265.13 2 0
binance-redis-streamer/pkg/binance/client.go:265.13,267.3 1 0
binance-redis-streamer/pkg/binance/client.go:269.2,269.6 1 0
binance-redis-streamer/pkg/binance/client.go:269.6,270.10 1 0
binance-redis-streamer/pkg/binance/client.go:271.21,272.20 1 0
binance-redis-streamer/pkg/binance/client.go:273.11,274.55 1 0
binance-redis-streamer/pkg/binance/client.go:274.55,275.16 1 0
binance-redis-streamer/pkg/binance/client.go:275.16,277.6 1 0
binance-redis-streamer/pkg/binance/client.go:278.5,278.13 1 0
binance-redis-streamer/pkg/binance/client.go:284.58,286.33 2 0
binance-redis-streamer/pkg/binance/client.go:286.33,288.3 1 0
binance-redis-streamer/pkg/binance/client.go:289.2,289.99 1 0
binance-redis-streamer/pkg/binance/client.go:292.74,294.16 2 0
binance-redis-streamer/pkg/binance/client.go:294.16,296.3 1 0
binance-redis-streamer/pkg/binance/client.go:297.2,303.6 3 0
binance-redis-streamer/pkg/binance/client.go:303.6,304.10 1 0
binance-redis-streamer/pkg/binance/client.go:305.21,306.20 1 0
binance-redis-streamer/pkg/binance/client.go:307.11,309.18 2 0
binance-redis-streamer/pkg/binance/client.go:309.18,311.5 1 0
binance-redis-streamer/pkg/binance/client.go:313.4,313.57 1 0
binance-redis-streamer/pkg/binance/client.go:313.57,315.5 1 0
binance-redis-streamer/pkg/binance/client.go:320.72,324.6 3 0
binance-redis-streamer/pkg/binance/client.go:324.6,325.10 1 0
binance-redis-streamer/pkg/binance/client.go:326.21,327.10 1 0
binance-redis-streamer/pkg/binance/client.go:328.19,329.72 1 0
binance-redis-streamer/pkg/binance/client.go:329.72,332.5 2 0
binance-redis-streamer/pkg/binance/client.go:337.76,338.13 1 1
binance-redis-streamer/pkg/binance/client.go:338.13,341.3 1 0
binance-redis-streamer/pkg/binance/client.go:343.2,344.56 2 1
binance-redis-streamer/pkg/binance/client.go:344.56,346.3 1 0
binance-redis-streamer/pkg/binance/client.go:348.2,348.13 1 1
binance-redis-streamer/pkg/binance/client.go:348.13,352.3 1 0
binance-redis-streamer/pkg/binance/client.go:354.2,357.55 2 1
binance-redis-streamer/pkg/binance/client.go:357.55,359.3 1 0
binance-redis-streamer/pkg/binance/client.go:362.2,362.74 1 1
binance-redis-streamer/pkg/binance/client.go:362.74,364.3 1 0
binance-redis-streamer/pkg/binance/client.go:367.2,367.26 1 1
binance-redis-streamer/pkg/binance/client.go:367.26,370.3 1 0
binance-redis-streamer/pkg/binance/client.go:372.2,372.12 1 1
binance-redis-streamer/pkg/binance/client.go:376.58,378.33 2 0
binance-redis-streamer/pkg/binance/client.go:378.33,380.3 1 0
binance-redis-streamer/pkg/binance/client.go:381.2,381.99 1 0
binance-redis-streamer/pkg/storage/aggregator.go:24.96,31.2 1 2
binance-redis-streamer/pkg/storage/aggregator.go:34.54,41.12 4 0
binance-redis-streamer/pkg/storage/aggregator.go:41.12,42.7 1 0
binance-redis-streamer/pkg/storage/aggregator.go:42.7,43.11 1 0
binance-redis-streamer/pkg/storage/aggregator.go:44.22,45.11 1 0
binance-redis-streamer/pkg/storage/aggregator.go:46.20,47.11 1 0
binance-redis-streamer/pkg/storage/aggregator.go:48.20,49.47 1 0
binance-redis-streamer/pkg/storage/aggregator.go:49.47,51.6 1 0
binance-redis-streamer/pkg/storage/aggregator.go:57.2,57.33 1 0
binance-redis-streamer/pkg/storage/aggregator.go:61.88,74.13 7 2
binance-redis-streamer/pkg/storage/aggregator.go:74.13,78.3 3 2
binance-redis-streamer/pkg/storage/aggregator.go:79.2,86.12 3 2
binance-redis-streamer/pkg/storage/aggregator.go:90.67,98.37 6 1
binance-redis-streamer/pkg/storage/aggregator.go:98.37,100.45 1 1
binance-redis-streamer/pkg/storage/aggregator.go:100.45,107.79 3 1
binance-redis-streamer/pkg/storage/aggregator.go:107.79,109.13 2 0
binance-redis-streamer/pkg/storage/aggregator.go:111.4,113.105 3 1
binance-redis-streamer/pkg/storage/aggregator.go:114.9,117.4 1 0
binance-redis-streamer/pkg/storage/aggregator.go:120.2,123.12 2 1
binance-redis-streamer/pkg/storage/aggregator.go:127.70,131.6 3 0
binance-redis-streamer/pkg/storage/aggregator.go:131.6,132.10 1 0
binance-redis-streamer/pkg/storage/aggregator.go:133.21,134.10 1 0
binance-redis-streamer/pkg/storage/aggregator.go:135.19,136.10 1 0
binance-redis-streamer/pkg/storage/aggregator.go:137.19,138.50 1 0
binance-redis-streamer/pkg/storage/aggregator.go:138.50,140.5 1 0
binance-redis-streamer/pkg/storage/aggregator.go:146.71,150.16 3 0
binance-redis-streamer/pkg/storage/aggregator.go:150.16,152.3 1 0
binance-redis-streamer/pkg/storage/aggregator.go:154.2,154.33 1 0
binance-redis-streamer/pkg/storage/aggregator.go:154.33,160.17 4 0
binance-redis-streamer/pkg/storage/aggregator.go:160.17,162.12 2 0
binance-redis-streamer/pkg/storage/aggregator.go:166.3,167.32 2 0
binance-redis-streamer/pkg/storage/aggregator.go:167.32,171.54 2 0
binance-redis-streamer/pkg/storage/aggregator.go:171.54,173.5 1 0
binance-redis-streamer/pkg/storage/aggregator.go:173.10,177.5 3 0
binance-redis-streamer/pkg/storage/aggregator.go:181.3,181.36 1 0
binance-redis-streamer/pkg/storage/aggregator.go:181.36,182.79 1 0
binance-redis-streamer/pkg/storage/aggregator.go:182.79,184.13 2 0
binance-redis-streamer/pkg/storage/aggregator.go:189.3,190.79 1 0
binance-redis-streamer/pkg/storage/aggregator.go:190.79,192.4 1 0
binance-redis-streamer/pkg/storage/aggregator.go:195.2,195.12 1 0
binance-redis-streamer/pkg/storage/aggregator.go:199.34,201.2 1 0
binance-redis-streamer/pkg/storage/postgres.go:22.46,24.2 1 0
binance-redis-streamer/pkg/storage/postgres.go:27.49,30.17 2 3
binance-redis-streamer/pkg/storage/postgres.go:30.17,33.3 2 0
binance-redis-streamer/pkg/storage/postgres.go:35.2,39.16 3 3
binance-redis-streamer/pkg/storage/postgres.go:39.16,41.3 1 0
binance-redis-streamer/pkg/storage/postgres.go:44.2,44.34 1 3
binance-redis-streamer/pkg/storage/postgres.go:44.34,47.3 2 0
binance-redis-streamer/pkg/storage/postgres.go:50.2,60.45 5 3
binance-redis-streamer/pkg/storage/postgres.go:60.45,63.3 2 0
binance-redis-streamer/pkg/storage/postgres.go:65.2,66.19 2 3
binance-redis-streamer/pkg/storage/postgres.go:70.40,71.34 1 3
binance-redis-streamer/pkg/storage/postgres.go:71.34,73.21 2 3
binance-redis-streamer/pkg/storage/postgres.go:73.21,75.28 2 3
binance-redis-streamer/pkg/storage/postgres.go:75.28,77.5 1 3
binance-redis-streamer/pkg/storage/postgres.go:80.2,80.50 1 0
binance-redis-streamer/pkg/storage/postgres.go:83.46,101.16 2 3
binance-redis-streamer/pkg/storage/postgres.go:101.16,103.3 1 0
binance-redis-streamer/pkg/storage/postgres.go:105.2,106.12 2 3
binance-redis-streamer/pkg/storage/postgres.go:110.106,111.13 1 3
binance-redis-streamer/pkg/storage/postgres.go:111.13,116.3 1 3
binance-redis-streamer/pkg/storage/postgres.go:119.2,120.24 2 3
binance-redis-streamer/pkg/storage/postgres.go:120.24,122.3 1 0
binance-redis-streamer/pkg/storage/postgres.go:124.2,124.13 1 3
binance-redis-streamer/pkg/storage/postgres.go:124.13,126.3 1 3
binance-redis-streamer/pkg/storage/postgres.go:128.2,145.16 2 3
binance-redis-streamer/pkg/storage/postgres.go:145.16,147.3 1 0
binance-redis-streamer/pkg/storage/postgres.go:149.2,150.16 2 3
binance-redis-streamer/pkg/storage/postgres.go:150.16,151.14 1 0
binance-redis-streamer/pkg/storage/postgres.go:151.14,153.4 1 0
binance-redis-streamer/pkg/storage/postgres.go:154.8,154.20 1 3
binance-redis-streamer/pkg/storage/postgres.go:154.20,157.3 1 3
binance-redis-streamer/pkg/storage/postgres.go:160.2,160.13 1 3
binance-redis-streamer/pkg/storage/postgres.go:160.13,167.17 3 3
binance-redis-streamer/pkg/storage/postgres.go:167.17,169.4 1 0
binance-redis-streamer/pkg/storage/postgres.go:169.9,172.4 1 3
binance-redis-streamer/pkg/storage/postgres.go:175.2,175.12 1 3
binance-redis-streamer/pkg/storage/postgres.go:179.130,180.13 1 0
binance-redis-streamer/pkg/storage/postgres.go:180.13,183.3 1 0
binance-redis-streamer/pkg/storage/postgres.go:186.2,195.16 4 0
binance-redis-streamer/pkg/storage/postgres.go:195.16,196.14 1 0
binance-redis-streamer/pkg/storage/postgres.go:196.14,198.4 1 0
binance-redis-streamer/pkg/storage/postgres.go:199.8,199.20 1 0
binance-redis-streamer/pkg/storage/postgres.go:199.20,201.16 2 0
binance-redis-streamer/pkg/storage/postgres.go:201.16,206.4 1 0
binance-redis-streamer/pkg/storage/postgres.go:210.2,217.13 2 0
binance-redis-streamer/pkg/storage/postgres.go:217.13,220.3 1 0
binance-redis-streamer/pkg/storage/postgres.go:222.2,223.16 2 0
binance-redis-streamer/pkg/storage/postgres.go:223.16,225.3 1 0
binance-redis-streamer/pkg/storage/postgres.go:226.2,231.18 3 0
binance-redis-streamer/pkg/storage/postgres.go:231.18,238.17 3 0
binance-redis-streamer/pkg/storage/postgres.go:238.17,240.4 1 0
binance-redis-streamer/pkg/storage/postgres.go:241.3,243.14 2 0
binance-redis-streamer/pkg/storage/postgres.go:243.14,247.4 1 0
binance-redis-streamer/pkg/storage/postgres.go:250.2,250.13 1 0
binance-redis-streamer/pkg/storage/postgres.go:250.13,252.3 1 0
binance-redis-streamer/pkg/storage/postgres.go:254.2,254.28 1 0
binance-redis-streamer/pkg/storage/postgres.go:258.147,274.16 2 0
binance-redis-streamer/pkg/storage/postgres.go:274.16,276.3 1 0
binance-redis-streamer/pkg/storage/postgres.go:277.2,282.18 3 0
binance-redis-streamer/pkg/storage/postgres.go:282.18,289.17 3 0
binance-redis-streamer/pkg/storage/postgres.go:289.17,291.4 1 0
binance-redis-streamer/pkg/storage/postgres.go:292.3,292.36 1 0
binance-redis-streamer/pkg/storage/postgres.go:295.2,295.28 1 0
binance-redis-streamer/pkg/storage/postgres.go:299.39,301.2 1 3
binance-redis-streamer/pkg/storage/postgres.go:304.40,306.2 1 0
binance-redis-streamer/pkg/storage/redis.go:38.61,39.15 1 3
binance-redis-streamer/pkg/storage/redis.go:39.15,41.3 1 0
binance-redis-streamer/pkg/storage/redis.go:43.2,44.16 2 3
binance-redis-streamer/pkg/storage/redis.go:44.16,46.3 1 0
binance-redis-streamer/pkg/storage/redis.go:47.2,47.15 1 3
binance-redis-streamer/pkg/storage/redis.go:47.15,49.3 1 0
binance-redis-streamer/pkg/storage/redis.go:52.2,52.26 1 3
binance-redis-streamer/pkg/storage/redis.go:52.26,53.16 1 0
binance-redis-streamer/pkg/storage/redis.go:53.16,55.4 1 0
binance-redis-streamer/pkg/storage/redis.go:56.3,56.42 1 0
binance-redis-streamer/pkg/storage/redis.go:59.2,60.64 2 3
binance-redis-streamer/pkg/storage/redis.go:60.64,62.3 1 0
binance-redis-streamer/pkg/storage/redis.go:63.2,63.15 1 3
binance-redis-streamer/pkg/storage/redis.go:63.15,65.3 1 0
binance-redis-streamer/pkg/storage/redis.go:67.2,70.8 1 3
binance-redis-streamer/pkg/storage/redis.go:74.53,76.2 1 0
binance-redis-streamer/pkg/storage/redis.go:79.36,81.2 1 3
binance-redis-streamer/pkg/storage/redis.go:84.81,87.92 2 1
binance-redis-streamer/pkg/storage/redis.go:87.92,89.3 1 0
binance-redis-streamer/pkg/storage/redis.go:92.2,94.16 3 1
binance-redis-streamer/pkg/storage/redis.go:94.16,96.3 1 0
binance-redis-streamer/pkg/storage/redis.go:98.2,98.97 1 1
binance-redis-streamer/pkg/storage/redis.go:98.97,100.3 1 0
binance-redis-streamer/pkg/storage/redis.go:103.2,120.16 4 1
binance-redis-streamer/pkg/storage/redis.go:120.16,122.3 1 0
binance-redis-streamer/pkg/storage/redis.go:125.2,128.23 1 1
binance-redis-streamer/pkg/storage/redis.go:128.23,130.3 1 0
binance-redis-streamer/pkg/storage/redis.go:133.2,133.55 1 1
binance-redis-streamer/pkg/storage/redis.go:133.55,134.21 1 0
binance-redis-streamer/pkg/storage/redis.go:134.21,136.4 1 0
binance-redis-streamer/pkg/storage/redis.go:140.2,148.64 7 1
binance-redis-streamer/pkg/storage/redis.go:148.64,153.43 4 1
binance-redis-streamer/pkg/storage/redis.go:153.43,155.4 1 0
binance-redis-streamer/pkg/storage/redis.go:156.8,158.81 1 0
binance-redis-streamer/pkg/storage/redis.go:158.81,160.4 1 0
binance-redis-streamer/pkg/storage/redis.go:163.2,163.12 1 1
binance-redis-streamer/pkg/storage/redis.go:167.91,170.20 2 0
binance-redis-streamer/pkg/storage/redis.go:170.20,173.3 1 0
binance-redis-streamer/pkg/storage/redis.go:176.2,181.53 2 0
binance-redis-streamer/pkg/storage/redis.go:181.53,183.3 1 0
binance-redis-streamer/pkg/storage/redis.go:186.2,189.23 1 0
binance-redis-streamer/pkg/storage/redis.go:189.23,191.3 1 0
binance-redis-streamer/pkg/storage/redis.go:193.2,193.20 1 0
binance-redis-streamer/pkg/storage/redis.go:193.20,196.3 1 0
binance-redis-streamer/pkg/storage/redis.go:199.2,199.55 1 0
binance-redis-streamer/pkg/storage/redis.go:199.55,200.21 1 0
binance-redis-streamer/pkg/storage/redis.go:200.21,202.4 1 0
binance-redis-streamer/pkg/storage/redis.go:205.2,205.12 1 0
binance-redis-streamer/pkg/storage/redis.go:209.73,213.105 2 1
binance-redis-streamer/pkg/storage/redis.go:213.105,215.3 1 0
binance-redis-streamer/pkg/storage/redis.go:218.2,218.40 1 1
binance-redis-streamer/pkg/storage/redis.go:218.40,219.111 1 0
binance-redis-streamer/pkg/storage/redis.go:219.111,221.4 1 0
binance-redis-streamer/pkg/storage/redis.go:224.2,224.12 1 1
binance-redis-streamer/pkg/storage/redis.go:228.96,231.22 3 0
binance-redis-streamer/pkg/storage/redis.go:231.22,233.3 1 0
binance-redis-streamer/pkg/storage/redis.go:234.2,234.16 1 0
binance-redis-streamer/pkg/storage/redis.go:234.16,236.3 1 0
binance-redis-streamer/pkg/storage/redis.go:238.2,239.61 2 0
binance-redis-streamer/pkg/storage/redis.go:239.61,241.3 1 0
binance-redis-streamer/pkg/storage/redis.go:243.2,243.20 1 0
binance-redis-streamer/pkg/storage/redis.go:247.128,254.20 4 1
binance-redis-streamer/pkg/storage/redis.go:254.20,257.3 1 0
binance-redis-streamer/pkg/storage/redis.go:260.2,267.16 2 1
binance-redis-streamer/pkg/storage/redis.go:267.16,269.3 1 0
binance-redis-streamer/pkg/storage/redis.go:271.2,271.20 1 1
binance-redis-streamer/pkg/storage/redis.go:271.20,273.3 1 0
binance-redis-streamer/pkg/storage/redis.go:275.2,278.31 3 1
binance-redis-streamer/pkg/storage/redis.go:278.31,280.61 1 1
binance-redis-streamer/pkg/storage/redis.go:280.61,282.18 2 0
binance-redis-streamer/pkg/storage/redis.go:282.18,283.23 1 0
binance-redis-streamer/pkg/storage/redis.go:283.23,285.6 1 0
binance-redis-streamer/pkg/storage/redis.go:286.5,286.13 1 0
binance-redis-streamer/pkg/storage/redis.go:288.4,290.18 3 0
binance-redis-streamer/pkg/storage/redis.go:290.18,291.23 1 0
binance-redis-streamer/pkg/storage/redis.go:291.23,293.6 1 0
binance-redis-streamer/pkg/storage/redis.go:294.5,294.13 1 0
binance-redis-streamer/pkg/storage/redis.go:296.4,296.32 1 0
binance-redis-streamer/pkg/storage/redis.go:299.3,300.63 2 1
binance-redis-streamer/pkg/storage/redis.go:300.63,301.22 1 0
binance-redis-streamer/pkg/storage/redis.go:301.22,303.5 1 0
binance-redis-streamer/pkg/storage/redis.go:304.4,304.12 1 0
binance-redis-streamer/pkg/storage/redis.go:308.3,308.38 1 1
binance-redis-streamer/pkg/storage/redis.go:308.38,311.4 2 1
binance-redis-streamer/pkg/storage/redis.go:314.2,314.20 1 1
binance-redis-streamer/pkg/storage/redis.go:314.20,316.3 1 0
binance-redis-streamer/pkg/storage/redis.go:318.2,318.20 1 1
binance-redis-streamer/pkg/storage/redis.go:322.80,328.16 4 0
binance-redis-streamer/pkg/storage/redis.go:328.16,330.3 1 0
binance-redis-streamer/pkg/storage/redis.go:331.2,331.13 1 0
binance-redis-streamer/pkg/storage/redis.go:331.13,333.3 1 0
binance-redis-streamer/pkg/storage/redis.go:334.2,338.36 3 0
binance-redis-streamer/pkg/storage/redis.go:338.36,340.3 1 0
binance-redis-streamer/pkg/storage/redis.go:341.2,341.26 1 0
binance-redis-streamer/pkg/storage/redis.go:341.26,343.3 1 0
binance-redis-streamer/pkg/storage/redis.go:346.2,350.16 4 0
binance-redis-streamer/pkg/storage/redis.go:350.16,352.3 1 0
binance-redis-streamer/pkg/storage/redis.go:355.2,356.31 2 0
binance-redis-streamer/pkg/storage/redis.go:356.31,358.17 2 0
binance-redis-streamer/pkg/storage/redis.go:358.17,359.12 1 0
binance-redis-streamer/pkg/storage/redis.go:361.3,362.17 2 0
binance-redis-streamer/pkg/storage/redis.go:362.17,363.12 1 0
binance-redis-streamer/pkg/storage/redis.go:365.3,365.34 1 0
binance-redis-streamer/pkg/storage/redis.go:369.2,370.16 2 0
binance-redis-streamer/pkg/storage/redis.go:370.16,372.3 1 0
binance-redis-streamer/pkg/storage/redis.go:374.2,374.20 1 0
binance-redis-streamer/pkg/storage/redis.go:374.20,376.3 1 0
binance-redis-streamer/pkg/storage/redis.go:378.2,378.12 1 0
binance-redis-streamer/pkg/storage/sqlite.go:21.59,23.51 1 0
binance-redis-streamer/pkg/storage/sqlite.go:23.51,25.3 1 0
binance-redis-streamer/pkg/storage/sqlite.go:27.2,29.16 3 0
binance-redis-streamer/pkg/storage/sqlite.go:29.16,31.3 1 0
binance-redis-streamer/pkg/storage/sqlite.go:34.2,34.41 1 0
binance-redis-streamer/pkg/storage/sqlite.go:34.41,37.3 2 0
binance-redis-streamer/pkg/storage/sqlite.go:39.2,42.8 1 0
binance-redis-streamer/pkg/storage/sqlite.go:45.37,63.2 2 0
binance-redis-streamer/pkg/storage/sqlite.go:66.104,77.2 2 0
binance-redis-streamer/pkg/storage/sqlite.go:80.128,89.16 2 0
binance-redis-streamer/pkg/storage/sqlite.go:89.16,91.3 1 0
binance-redis-streamer/pkg/storage/sqlite.go:92.2,97.18 3 0
binance-redis-streamer/pkg/storage/sqlite.go:97.18,105.17 4 0
binance-redis-streamer/pkg/storage/sqlite.go:105.17,107.4 1 0
binance-redis-streamer/pkg/storage/sqlite.go:108.3,109.36 2 0
binance-redis-streamer/pkg/storage/sqlite.go:112.2,112.28 1 0
binance-redis-streamer/pkg/storage/sqlite.go:116.37,118.2 1 0
binance-redis-streamer/pkg/storage/sqlite.go:121.38,124.2 2 0
binance-redis-streamer/pkg/metrics/exporter.go:29.84,35.2 1 2
binance-redis-streamer/pkg/metrics/exporter.go:38.54,42.6 3 1
binance-redis-streamer/pkg/metrics/exporter.go:42.6,43.10 1 2
binance-redis-streamer/pkg/metrics/exporter.go:44.21,45.10 1 1
binance-redis-streamer/pkg/metrics/exporter.go:46.19,47.10 1 0
binance-redis-streamer/pkg/metrics/exporter.go:48.19,50.18 2 1
binance-redis-streamer/pkg/metrics/exporter.go:50.18,52.13 2 0
binance-redis-streamer/pkg/metrics/exporter.go:54.4,54.28 1 1
binance-redis-streamer/pkg/metrics/exporter.go:60.34,62.2 1 0
binance-redis-streamer/pkg/metrics/exporter.go:65.81,73.16 4 3
binance-redis-streamer/pkg/metrics/exporter.go:73.16,75.3 1 0
binance-redis-streamer/pkg/metrics/exporter.go:78.2,78.33 1 3
binance-redis-streamer/pkg/metrics/exporter.go:78.33,81.23 3 4
binance-redis-streamer/pkg/metrics/exporter.go:81.23,82.12 1 0
binance-redis-streamer/pkg/metrics/exporter.go:84.3,84.17 1 4
binance-redis-streamer/pkg/metrics/exporter.go:84.17,86.12 2 0
binance-redis-streamer/pkg/metrics/exporter.go:89.3,90.62 2 4
binance-redis-streamer/pkg/metrics/exporter.go:90.62,92.12 2 0
binance-redis-streamer/pkg/metrics/exporter.go:95.3,95.39 1 4
binance-redis-streamer/pkg/metrics/exporter.go:98.2,98.21 1 3
binance-redis-streamer/pkg/metrics/exporter.go:102.59,103.44 1 1
binance-redis-streamer/pkg/metrics/exporter.go:103.44,105.3 1 1
